{
  "RSpec": {
    "coverage": {
      "/Users/ZaidMacBook/Dropbox/Makers Academy/Course/Week 1/airport_challenge/spec/airport_spec.rb": [
        1,
        null,
        1,
        6,
        null,
        1,
        1,
        2,
        2,
        2,
        null,
        null,
        1,
        1,
        null,
        null,
        1,
        1,
        null,
        null,
        null,
        1,
        1,
        2,
        null,
        null,
        1,
        1,
        null,
        null,
        1,
        1,
        null,
        null,
        null,
        1,
        1,
        1,
        1,
        null,
        null,
        1,
        6,
        2,
        null,
        null,
        null,
        null,
        null,
        null,
        null,
        null,
        null,
        null,
        null,
        null
      ],
      "/Users/ZaidMacBook/Dropbox/Makers Academy/Course/Week 1/airport_challenge/lib/airport.rb": [
        1,
        null,
        1,
        null,
        1,
        null,
        1,
        1,
        null,
        1,
        5,
        5,
        null,
        null,
        1,
        9,
        1,
        null,
        8,
        null,
        null,
        null,
        1,
        1,
        1,
        1,
        null,
        null,
        1,
        null,
        1,
        9,
        null,
        null,
        1,
        8,
        8,
        8,
        null,
        null
      ],
      "/Users/ZaidMacBook/Dropbox/Makers Academy/Course/Week 1/airport_challenge/lib/plane.rb": [
        1,
        null,
        1,
        1,
        null,
        1,
        null,
        1,
        5,
        null,
        null,
        1,
        1,
        null,
        null,
        1,
        1,
        1,
        null,
        null,
        null,
        1,
        1,
        null,
        null,
        1,
        1,
        1,
        null,
        null,
        null
      ],
      "/Users/ZaidMacBook/Dropbox/Makers Academy/Course/Week 1/airport_challenge/spec/plane_spec.rb": [
        1,
        null,
        1,
        null,
        1,
        1,
        null,
        null,
        1,
        1,
        null,
        null,
        1,
        1,
        1,
        null,
        null,
        1,
        1,
        null,
        null,
        1,
        1,
        1,
        null,
        null
      ],
      "/Users/ZaidMacBook/Dropbox/Makers Academy/Course/Week 1/airport_challenge/spec/weather_spec.rb": [
        1,
        null,
        1,
        null,
        1,
        null,
        null,
        null,
        null,
        null
      ],
      "/Users/ZaidMacBook/Dropbox/Makers Academy/Course/Week 1/airport_challenge/lib/Weather.rb": [
        null,
        1,
        null,
        null
      ]
    },
    "timestamp": 1440708563
  }
}
